[0.058s] [34mcolcon[0m [1;30mDEBUG[0m [32mCommand line arguments: ['/usr/bin/colcon', 'build', '--packages-select', 'go2_mapping'][0m
[0.058s] [34mcolcon[0m [1;30mDEBUG[0m [32mParsed command line arguments: Namespace(log_base=None, log_level=None, verb_name='build', build_base='build', install_base='install', merge_install=False, symlink_install=False, test_result_base=None, continue_on_error=False, executor='parallel', parallel_workers=24, event_handlers=None, ignore_user_meta=False, metas=['./colcon.meta'], base_paths=['.'], packages_ignore=None, packages_ignore_regex=None, paths=None, packages_up_to=None, packages_up_to_regex=None, packages_above=None, packages_above_and_dependencies=None, packages_above_depth=None, packages_select_by_dep=None, packages_skip_by_dep=None, packages_skip_up_to=None, packages_select_build_failed=False, packages_skip_build_finished=False, packages_select_test_failures=False, packages_skip_test_passed=False, packages_select=['go2_mapping'], packages_skip=None, packages_select_regex=None, packages_skip_regex=None, packages_start=None, packages_end=None, allow_overriding=[], cmake_args=None, cmake_target=None, cmake_target_skip_unavailable=False, cmake_clean_cache=False, cmake_clean_first=False, cmake_force_configure=False, ament_cmake_args=None, catkin_cmake_args=None, catkin_skip_building_tests=False, mixin_files=None, mixin=None, verb_parser=<colcon_mixin.mixin.mixin_argument.MixinArgumentDecorator object at 0x795b4722b9a0>, verb_extension=<colcon_core.verb.build.BuildVerb object at 0x795b4722af20>, main=<bound method BuildVerb.main of <colcon_core.verb.build.BuildVerb object at 0x795b4722af20>>, mixin_verb=('build',))[0m
[0.077s] [34mcolcon.colcon_core.package_discovery[0m [1;30mLevel 1[0m discover_packages(colcon_meta) check parameters
[0.077s] [34mcolcon.colcon_core.package_discovery[0m [1;30mLevel 1[0m discover_packages(recursive) check parameters
[0.077s] [34mcolcon.colcon_core.package_discovery[0m [1;30mLevel 1[0m discover_packages(ignore) check parameters
[0.077s] [34mcolcon.colcon_core.package_discovery[0m [1;30mLevel 1[0m discover_packages(path) check parameters
[0.077s] [34mcolcon.colcon_core.package_discovery[0m [1;30mLevel 1[0m discover_packages(colcon_meta) discover
[0.077s] [34mcolcon.colcon_core.package_discovery[0m [1;30mLevel 1[0m discover_packages(recursive) discover
[0.077s] [34mcolcon.colcon_core.package_discovery[0m [1;30mINFO[0m Crawling recursively for packages in '/home/cvr/Desktop/sj/Go2_lidar_rtab'
[0.077s] [34mcolcon.colcon_core.package_identification[0m [1;30mLevel 1[0m _identify(.) by extensions ['ignore', 'ignore_ament_install']
[0.077s] [34mcolcon.colcon_core.package_identification[0m [1;30mLevel 1[0m _identify(.) by extension 'ignore'
[0.077s] [34mcolcon.colcon_core.package_identification[0m [1;30mLevel 1[0m _identify(.) by extension 'ignore_ament_install'
[0.077s] [34mcolcon.colcon_core.package_identification[0m [1;30mLevel 1[0m _identify(.) by extensions ['colcon_pkg']
[0.078s] [34mcolcon.colcon_core.package_identification[0m [1;30mLevel 1[0m _identify(.) by extension 'colcon_pkg'
[0.078s] [34mcolcon.colcon_core.package_identification[0m [1;30mLevel 1[0m _identify(.) by extensions ['colcon_meta']
[0.078s] [34mcolcon.colcon_core.package_identification[0m [1;30mLevel 1[0m _identify(.) by extension 'colcon_meta'
[0.078s] [34mcolcon.colcon_core.package_identification[0m [1;30mLevel 1[0m _identify(.) by extensions ['ros']
[0.078s] [34mcolcon.colcon_core.package_identification[0m [1;30mLevel 1[0m _identify(.) by extension 'ros'
[0.085s] [34mcolcon.colcon_core.package_identification[0m [1;30mLevel 1[0m _identify(.) by extensions ['cmake', 'python']
[0.085s] [34mcolcon.colcon_core.package_identification[0m [1;30mLevel 1[0m _identify(.) by extension 'cmake'
[0.085s] [34mcolcon.colcon_core.package_identification[0m [1;30mLevel 1[0m _identify(.) by extension 'python'
[0.085s] [34mcolcon.colcon_core.package_identification[0m [1;30mLevel 1[0m _identify(.) by extensions ['python_setup_py']
[0.085s] [34mcolcon.colcon_core.package_identification[0m [1;30mLevel 1[0m _identify(.) by extension 'python_setup_py'
[0.085s] [34mcolcon.colcon_core.package_identification[0m [1;30mLevel 1[0m _identify(build) by extensions ['ignore', 'ignore_ament_install']
[0.085s] [34mcolcon.colcon_core.package_identification[0m [1;30mLevel 1[0m _identify(build) by extension 'ignore'
[0.085s] [34mcolcon.colcon_core.package_identification[0m [1;30mLevel 1[0m _identify(build) ignored
[0.085s] [34mcolcon.colcon_core.package_identification[0m [1;30mLevel 1[0m _identify(install) by extensions ['ignore', 'ignore_ament_install']
[0.085s] [34mcolcon.colcon_core.package_identification[0m [1;30mLevel 1[0m _identify(install) by extension 'ignore'
[0.085s] [34mcolcon.colcon_core.package_identification[0m [1;30mLevel 1[0m _identify(install) ignored
[0.085s] [34mcolcon.colcon_core.package_identification[0m [1;30mLevel 1[0m _identify(log) by extensions ['ignore', 'ignore_ament_install']
[0.085s] [34mcolcon.colcon_core.package_identification[0m [1;30mLevel 1[0m _identify(log) by extension 'ignore'
[0.085s] [34mcolcon.colcon_core.package_identification[0m [1;30mLevel 1[0m _identify(log) ignored
[0.085s] [34mcolcon.colcon_core.package_identification[0m [1;30mLevel 1[0m _identify(src) by extensions ['ignore', 'ignore_ament_install']
[0.085s] [34mcolcon.colcon_core.package_identification[0m [1;30mLevel 1[0m _identify(src) by extension 'ignore'
[0.085s] [34mcolcon.colcon_core.package_identification[0m [1;30mLevel 1[0m _identify(src) by extension 'ignore_ament_install'
[0.085s] [34mcolcon.colcon_core.package_identification[0m [1;30mLevel 1[0m _identify(src) by extensions ['colcon_pkg']
[0.085s] [34mcolcon.colcon_core.package_identification[0m [1;30mLevel 1[0m _identify(src) by extension 'colcon_pkg'
[0.085s] [34mcolcon.colcon_core.package_identification[0m [1;30mLevel 1[0m _identify(src) by extensions ['colcon_meta']
[0.085s] [34mcolcon.colcon_core.package_identification[0m [1;30mLevel 1[0m _identify(src) by extension 'colcon_meta'
[0.085s] [34mcolcon.colcon_core.package_identification[0m [1;30mLevel 1[0m _identify(src) by extensions ['ros']
[0.085s] [34mcolcon.colcon_core.package_identification[0m [1;30mLevel 1[0m _identify(src) by extension 'ros'
[0.085s] [34mcolcon.colcon_core.package_identification[0m [1;30mLevel 1[0m _identify(src) by extensions ['cmake', 'python']
[0.085s] [34mcolcon.colcon_core.package_identification[0m [1;30mLevel 1[0m _identify(src) by extension 'cmake'
[0.085s] [34mcolcon.colcon_core.package_identification[0m [1;30mLevel 1[0m _identify(src) by extension 'python'
[0.085s] [34mcolcon.colcon_core.package_identification[0m [1;30mLevel 1[0m _identify(src) by extensions ['python_setup_py']
[0.085s] [34mcolcon.colcon_core.package_identification[0m [1;30mLevel 1[0m _identify(src) by extension 'python_setup_py'
[0.085s] [34mcolcon.colcon_core.package_identification[0m [1;30mLevel 1[0m _identify(src/go2_mapping) by extensions ['ignore', 'ignore_ament_install']
[0.085s] [34mcolcon.colcon_core.package_identification[0m [1;30mLevel 1[0m _identify(src/go2_mapping) by extension 'ignore'
[0.085s] [34mcolcon.colcon_core.package_identification[0m [1;30mLevel 1[0m _identify(src/go2_mapping) by extension 'ignore_ament_install'
[0.086s] [34mcolcon.colcon_core.package_identification[0m [1;30mLevel 1[0m _identify(src/go2_mapping) by extensions ['colcon_pkg']
[0.086s] [34mcolcon.colcon_core.package_identification[0m [1;30mLevel 1[0m _identify(src/go2_mapping) by extension 'colcon_pkg'
[0.086s] [34mcolcon.colcon_core.package_identification[0m [1;30mLevel 1[0m _identify(src/go2_mapping) by extensions ['colcon_meta']
[0.086s] [34mcolcon.colcon_core.package_identification[0m [1;30mLevel 1[0m _identify(src/go2_mapping) by extension 'colcon_meta'
[0.086s] [34mcolcon.colcon_core.package_identification[0m [1;30mLevel 1[0m _identify(src/go2_mapping) by extensions ['ros']
[0.086s] [34mcolcon.colcon_core.package_identification[0m [1;30mLevel 1[0m _identify(src/go2_mapping) by extension 'ros'
[0.087s] [34mcolcon.colcon_core.package_identification[0m [1;30mDEBUG[0m [32mPackage 'src/go2_mapping' with type 'ros.ament_python' and name 'go2_mapping'[0m
[0.087s] [34mcolcon.colcon_core.package_discovery[0m [1;30mLevel 1[0m discover_packages(recursive) using defaults
[0.087s] [34mcolcon.colcon_core.package_discovery[0m [1;30mLevel 1[0m discover_packages(ignore) discover
[0.087s] [34mcolcon.colcon_core.package_discovery[0m [1;30mLevel 1[0m discover_packages(ignore) using defaults
[0.087s] [34mcolcon.colcon_core.package_discovery[0m [1;30mLevel 1[0m discover_packages(path) discover
[0.087s] [34mcolcon.colcon_core.package_discovery[0m [1;30mLevel 1[0m discover_packages(path) using defaults
[0.095s] [34mcolcon.colcon_core.package_discovery[0m [1;30mLevel 1[0m discover_packages(prefix_path) check parameters
[0.095s] [34mcolcon.colcon_core.package_discovery[0m [1;30mLevel 1[0m discover_packages(prefix_path) discover
[0.096s] [34mcolcon.colcon_installed_package_information.package_discovery[0m [1;30mDEBUG[0m [32mFound 8 installed packages in /home/cvr/Desktop/sj/go2_ws/install[0m
[0.097s] [34mcolcon.colcon_installed_package_information.package_discovery[0m [1;30mDEBUG[0m [32mFound 475 installed packages in /opt/ros/humble[0m
[0.098s] [34mcolcon.colcon_core.package_discovery[0m [1;30mLevel 1[0m discover_packages(prefix_path) using defaults
[0.128s] [34mcolcon.colcon_core.verb[0m [1;30mLevel 5[0m set package 'go2_mapping' build argument 'cmake_args' from command line to 'None'
[0.128s] [34mcolcon.colcon_core.verb[0m [1;30mLevel 5[0m set package 'go2_mapping' build argument 'cmake_target' from command line to 'None'
[0.128s] [34mcolcon.colcon_core.verb[0m [1;30mLevel 5[0m set package 'go2_mapping' build argument 'cmake_target_skip_unavailable' from command line to 'False'
[0.128s] [34mcolcon.colcon_core.verb[0m [1;30mLevel 5[0m set package 'go2_mapping' build argument 'cmake_clean_cache' from command line to 'False'
[0.128s] [34mcolcon.colcon_core.verb[0m [1;30mLevel 5[0m set package 'go2_mapping' build argument 'cmake_clean_first' from command line to 'False'
[0.128s] [34mcolcon.colcon_core.verb[0m [1;30mLevel 5[0m set package 'go2_mapping' build argument 'cmake_force_configure' from command line to 'False'
[0.128s] [34mcolcon.colcon_core.verb[0m [1;30mLevel 5[0m set package 'go2_mapping' build argument 'ament_cmake_args' from command line to 'None'
[0.128s] [34mcolcon.colcon_core.verb[0m [1;30mLevel 5[0m set package 'go2_mapping' build argument 'catkin_cmake_args' from command line to 'None'
[0.128s] [34mcolcon.colcon_core.verb[0m [1;30mLevel 5[0m set package 'go2_mapping' build argument 'catkin_skip_building_tests' from command line to 'False'
[0.128s] [34mcolcon.colcon_core.verb[0m [1;30mDEBUG[0m [32mBuilding package 'go2_mapping' with the following arguments: {'ament_cmake_args': None, 'build_base': '/home/cvr/Desktop/sj/Go2_lidar_rtab/build/go2_mapping', 'catkin_cmake_args': None, 'catkin_skip_building_tests': False, 'cmake_args': None, 'cmake_clean_cache': False, 'cmake_clean_first': False, 'cmake_force_configure': False, 'cmake_target': None, 'cmake_target_skip_unavailable': False, 'install_base': '/home/cvr/Desktop/sj/Go2_lidar_rtab/install/go2_mapping', 'merge_install': False, 'path': '/home/cvr/Desktop/sj/Go2_lidar_rtab/src/go2_mapping', 'symlink_install': False, 'test_result_base': None}[0m
[0.128s] [34mcolcon.colcon_core.executor[0m [1;30mINFO[0m Executing jobs using 'parallel' executor
[0.129s] [34mcolcon.colcon_parallel_executor.executor.parallel[0m [1;30mDEBUG[0m [32mrun_until_complete[0m
[0.129s] [34mcolcon.colcon_ros.task.ament_python.build[0m [1;30mINFO[0m Building ROS package in '/home/cvr/Desktop/sj/Go2_lidar_rtab/src/go2_mapping' with build type 'ament_python'
[0.129s] [34mcolcon.colcon_core.shell[0m [1;30mLevel 1[0m create_environment_hook('go2_mapping', 'ament_prefix_path')
[0.130s] [34mcolcon.colcon_core.plugin_system[0m [1;30mINFO[0m Skipping extension 'colcon_core.shell.bat': Not used on non-Windows systems
[0.130s] [34mcolcon.colcon_core.shell[0m [1;30mINFO[0m Creating environment hook '/home/cvr/Desktop/sj/Go2_lidar_rtab/install/go2_mapping/share/go2_mapping/hook/ament_prefix_path.ps1'
[0.130s] [34mcolcon.colcon_core.shell[0m [1;30mINFO[0m Creating environment descriptor '/home/cvr/Desktop/sj/Go2_lidar_rtab/install/go2_mapping/share/go2_mapping/hook/ament_prefix_path.dsv'
[0.130s] [34mcolcon.colcon_core.shell[0m [1;30mINFO[0m Creating environment hook '/home/cvr/Desktop/sj/Go2_lidar_rtab/install/go2_mapping/share/go2_mapping/hook/ament_prefix_path.sh'
[0.131s] [34mcolcon.colcon_core.shell[0m [1;30mINFO[0m Skip shell extension 'powershell' for command environment: Not usable outside of PowerShell
[0.131s] [34mcolcon.colcon_core.shell[0m [1;30mDEBUG[0m [32mSkip shell extension 'dsv' for command environment[0m
[0.234s] [34mcolcon.colcon_core.task.python.build[0m [1;30mINFO[0m Building Python package in '/home/cvr/Desktop/sj/Go2_lidar_rtab/src/go2_mapping'
[0.234s] [34mcolcon.colcon_core.shell[0m [1;30mINFO[0m Skip shell extension 'powershell' for command environment: Not usable outside of PowerShell
[0.234s] [34mcolcon.colcon_core.shell[0m [1;30mDEBUG[0m [32mSkip shell extension 'dsv' for command environment[0m
[0.498s] [34mcolcon.colcon_core.event_handler.log_command[0m [1;30mDEBUG[0m [32mInvoking command in '/home/cvr/Desktop/sj/Go2_lidar_rtab/src/go2_mapping': PYTHONPATH=/home/cvr/Desktop/sj/Go2_lidar_rtab/build/go2_mapping/prefix_override:/usr/lib/python3/dist-packages/colcon_core/task/python/colcon_distutils_commands:/home/cvr/Desktop/sj/Go2_lidar_rtab/install/go2_mapping/lib/python3.10/site-packages:${PYTHONPATH} /usr/bin/python3 -W ignore:setup.py install is deprecated -W ignore:easy_install command is deprecated setup.py egg_info --egg-base ../../build/go2_mapping build --build-base /home/cvr/Desktop/sj/Go2_lidar_rtab/build/go2_mapping/build install --record /home/cvr/Desktop/sj/Go2_lidar_rtab/build/go2_mapping/install.log --single-version-externally-managed install_data[0m
[0.750s] [34mcolcon.colcon_core.event_handler.log_command[0m [1;30mDEBUG[0m [32mInvoked command in '/home/cvr/Desktop/sj/Go2_lidar_rtab/src/go2_mapping' returned '0': PYTHONPATH=/home/cvr/Desktop/sj/Go2_lidar_rtab/build/go2_mapping/prefix_override:/usr/lib/python3/dist-packages/colcon_core/task/python/colcon_distutils_commands:/home/cvr/Desktop/sj/Go2_lidar_rtab/install/go2_mapping/lib/python3.10/site-packages:${PYTHONPATH} /usr/bin/python3 -W ignore:setup.py install is deprecated -W ignore:easy_install command is deprecated setup.py egg_info --egg-base ../../build/go2_mapping build --build-base /home/cvr/Desktop/sj/Go2_lidar_rtab/build/go2_mapping/build install --record /home/cvr/Desktop/sj/Go2_lidar_rtab/build/go2_mapping/install.log --single-version-externally-managed install_data[0m
[0.751s] [34mcolcon.colcon_core.environment[0m [1;30mLevel 1[0m checking '/home/cvr/Desktop/sj/Go2_lidar_rtab/install/go2_mapping' for CMake module files
[0.751s] [34mcolcon.colcon_core.environment[0m [1;30mLevel 1[0m checking '/home/cvr/Desktop/sj/Go2_lidar_rtab/install/go2_mapping' for CMake config files
[0.752s] [34mcolcon.colcon_core.environment[0m [1;30mLevel 1[0m checking '/home/cvr/Desktop/sj/Go2_lidar_rtab/install/go2_mapping/lib'
[0.752s] [34mcolcon.colcon_core.environment[0m [1;30mLevel 1[0m checking '/home/cvr/Desktop/sj/Go2_lidar_rtab/install/go2_mapping/bin'
[0.752s] [34mcolcon.colcon_core.environment[0m [1;30mLevel 1[0m checking '/home/cvr/Desktop/sj/Go2_lidar_rtab/install/go2_mapping/lib/pkgconfig/go2_mapping.pc'
[0.752s] [34mcolcon.colcon_core.environment[0m [1;30mLevel 1[0m checking '/home/cvr/Desktop/sj/Go2_lidar_rtab/install/go2_mapping/lib/python3.10/site-packages'
[0.752s] [34mcolcon.colcon_core.shell[0m [1;30mLevel 1[0m create_environment_hook('go2_mapping', 'pythonpath')
[0.752s] [34mcolcon.colcon_core.shell[0m [1;30mINFO[0m Creating environment hook '/home/cvr/Desktop/sj/Go2_lidar_rtab/install/go2_mapping/share/go2_mapping/hook/pythonpath.ps1'
[0.752s] [34mcolcon.colcon_core.shell[0m [1;30mINFO[0m Creating environment descriptor '/home/cvr/Desktop/sj/Go2_lidar_rtab/install/go2_mapping/share/go2_mapping/hook/pythonpath.dsv'
[0.752s] [34mcolcon.colcon_core.shell[0m [1;30mINFO[0m Creating environment hook '/home/cvr/Desktop/sj/Go2_lidar_rtab/install/go2_mapping/share/go2_mapping/hook/pythonpath.sh'
[0.753s] [34mcolcon.colcon_core.environment[0m [1;30mLevel 1[0m checking '/home/cvr/Desktop/sj/Go2_lidar_rtab/install/go2_mapping/bin'
[0.753s] [34mcolcon.colcon_core.environment[0m [1;30mLevel 1[0m create_environment_scripts_only(go2_mapping)
[0.753s] [34mcolcon.colcon_core.shell[0m [1;30mINFO[0m Creating package script '/home/cvr/Desktop/sj/Go2_lidar_rtab/install/go2_mapping/share/go2_mapping/package.ps1'
[0.753s] [34mcolcon.colcon_core.shell[0m [1;30mINFO[0m Creating package descriptor '/home/cvr/Desktop/sj/Go2_lidar_rtab/install/go2_mapping/share/go2_mapping/package.dsv'
[0.754s] [34mcolcon.colcon_core.shell[0m [1;30mINFO[0m Creating package script '/home/cvr/Desktop/sj/Go2_lidar_rtab/install/go2_mapping/share/go2_mapping/package.sh'
[0.754s] [34mcolcon.colcon_core.shell[0m [1;30mINFO[0m Creating package script '/home/cvr/Desktop/sj/Go2_lidar_rtab/install/go2_mapping/share/go2_mapping/package.bash'
[0.754s] [34mcolcon.colcon_core.shell[0m [1;30mINFO[0m Creating package script '/home/cvr/Desktop/sj/Go2_lidar_rtab/install/go2_mapping/share/go2_mapping/package.zsh'
[0.754s] [34mcolcon.colcon_core.environment[0m [1;30mLevel 1[0m create_file_with_runtime_dependencies(/home/cvr/Desktop/sj/Go2_lidar_rtab/install/go2_mapping/share/colcon-core/packages/go2_mapping)
[0.754s] [34mcolcon.colcon_parallel_executor.executor.parallel[0m [1;30mDEBUG[0m [32mclosing loop[0m
[0.755s] [34mcolcon.colcon_parallel_executor.executor.parallel[0m [1;30mDEBUG[0m [32mloop closed[0m
[0.755s] [34mcolcon.colcon_parallel_executor.executor.parallel[0m [1;30mDEBUG[0m [32mrun_until_complete finished with '0'[0m
[0.755s] [34mcolcon.colcon_core.event_reactor[0m [1;30mDEBUG[0m [32mjoining thread[0m
[0.758s] [34mcolcon.colcon_core.plugin_system[0m [1;30mINFO[0m Skipping extension 'colcon_notification.desktop_notification.terminal_notifier': Not used on non-Darwin systems
[0.758s] [34mcolcon.colcon_core.plugin_system[0m [1;30mINFO[0m Skipping extension 'colcon_notification.desktop_notification.win32': Not used on non-Windows systems
[0.758s] [34mcolcon.colcon_notification.desktop_notification[0m [1;30mINFO[0m Sending desktop notification using 'notify2'
[0.765s] [34mcolcon.colcon_core.event_reactor[0m [1;30mDEBUG[0m [32mjoined thread[0m
[0.765s] [34mcolcon.colcon_core.shell[0m [1;30mINFO[0m Creating prefix script '/home/cvr/Desktop/sj/Go2_lidar_rtab/install/local_setup.ps1'
[0.766s] [34mcolcon.colcon_core.shell[0m [1;30mINFO[0m Creating prefix util module '/home/cvr/Desktop/sj/Go2_lidar_rtab/install/_local_setup_util_ps1.py'
[0.766s] [34mcolcon.colcon_core.shell[0m [1;30mINFO[0m Creating prefix chain script '/home/cvr/Desktop/sj/Go2_lidar_rtab/install/setup.ps1'
[0.767s] [34mcolcon.colcon_core.shell[0m [1;30mINFO[0m Creating prefix script '/home/cvr/Desktop/sj/Go2_lidar_rtab/install/local_setup.sh'
[0.767s] [34mcolcon.colcon_core.shell[0m [1;30mINFO[0m Creating prefix util module '/home/cvr/Desktop/sj/Go2_lidar_rtab/install/_local_setup_util_sh.py'
[0.767s] [34mcolcon.colcon_core.shell[0m [1;30mINFO[0m Creating prefix chain script '/home/cvr/Desktop/sj/Go2_lidar_rtab/install/setup.sh'
[0.768s] [34mcolcon.colcon_core.shell[0m [1;30mINFO[0m Creating prefix script '/home/cvr/Desktop/sj/Go2_lidar_rtab/install/local_setup.bash'
[0.768s] [34mcolcon.colcon_core.shell[0m [1;30mINFO[0m Creating prefix chain script '/home/cvr/Desktop/sj/Go2_lidar_rtab/install/setup.bash'
[0.769s] [34mcolcon.colcon_core.shell[0m [1;30mINFO[0m Creating prefix script '/home/cvr/Desktop/sj/Go2_lidar_rtab/install/local_setup.zsh'
[0.769s] [34mcolcon.colcon_core.shell[0m [1;30mINFO[0m Creating prefix chain script '/home/cvr/Desktop/sj/Go2_lidar_rtab/install/setup.zsh'
