[0.060s] colcon DEBUG Command line arguments: ['/usr/bin/colcon', 'build', '--packages-select', 'go2_mapping']
[0.060s] colcon DEBUG Parsed command line arguments: Namespace(log_base=None, log_level=None, verb_name='build', build_base='build', install_base='install', merge_install=False, symlink_install=False, test_result_base=None, continue_on_error=False, executor='parallel', parallel_workers=24, event_handlers=None, ignore_user_meta=False, metas=['./colcon.meta'], base_paths=['.'], packages_ignore=None, packages_ignore_regex=None, paths=None, packages_up_to=None, packages_up_to_regex=None, packages_above=None, packages_above_and_dependencies=None, packages_above_depth=None, packages_select_by_dep=None, packages_skip_by_dep=None, packages_skip_up_to=None, packages_select_build_failed=False, packages_skip_build_finished=False, packages_select_test_failures=False, packages_skip_test_passed=False, packages_select=['go2_mapping'], packages_skip=None, packages_select_regex=None, packages_skip_regex=None, packages_start=None, packages_end=None, allow_overriding=[], cmake_args=None, cmake_target=None, cmake_target_skip_unavailable=False, cmake_clean_cache=False, cmake_clean_first=False, cmake_force_configure=False, ament_cmake_args=None, catkin_cmake_args=None, catkin_skip_building_tests=False, mixin_files=None, mixin=None, verb_parser=<colcon_mixin.mixin.mixin_argument.MixinArgumentDecorator object at 0x75e89f32baf0>, verb_extension=<colcon_core.verb.build.BuildVerb object at 0x75e89f32b070>, main=<bound method BuildVerb.main of <colcon_core.verb.build.BuildVerb object at 0x75e89f32b070>>, mixin_verb=('build',))
[0.079s] colcon.colcon_core.package_discovery Level 1 discover_packages(colcon_meta) check parameters
[0.080s] colcon.colcon_core.package_discovery Level 1 discover_packages(recursive) check parameters
[0.080s] colcon.colcon_core.package_discovery Level 1 discover_packages(ignore) check parameters
[0.080s] colcon.colcon_core.package_discovery Level 1 discover_packages(path) check parameters
[0.080s] colcon.colcon_core.package_discovery Level 1 discover_packages(colcon_meta) discover
[0.080s] colcon.colcon_core.package_discovery Level 1 discover_packages(recursive) discover
[0.080s] colcon.colcon_core.package_discovery INFO Crawling recursively for packages in '/home/cvr/Desktop/sj/Go2_lidar_rtab'
[0.080s] colcon.colcon_core.package_identification Level 1 _identify(.) by extensions ['ignore', 'ignore_ament_install']
[0.080s] colcon.colcon_core.package_identification Level 1 _identify(.) by extension 'ignore'
[0.080s] colcon.colcon_core.package_identification Level 1 _identify(.) by extension 'ignore_ament_install'
[0.080s] colcon.colcon_core.package_identification Level 1 _identify(.) by extensions ['colcon_pkg']
[0.080s] colcon.colcon_core.package_identification Level 1 _identify(.) by extension 'colcon_pkg'
[0.080s] colcon.colcon_core.package_identification Level 1 _identify(.) by extensions ['colcon_meta']
[0.080s] colcon.colcon_core.package_identification Level 1 _identify(.) by extension 'colcon_meta'
[0.080s] colcon.colcon_core.package_identification Level 1 _identify(.) by extensions ['ros']
[0.080s] colcon.colcon_core.package_identification Level 1 _identify(.) by extension 'ros'
[0.087s] colcon.colcon_core.package_identification Level 1 _identify(.) by extensions ['cmake', 'python']
[0.087s] colcon.colcon_core.package_identification Level 1 _identify(.) by extension 'cmake'
[0.087s] colcon.colcon_core.package_identification Level 1 _identify(.) by extension 'python'
[0.087s] colcon.colcon_core.package_identification Level 1 _identify(.) by extensions ['python_setup_py']
[0.087s] colcon.colcon_core.package_identification Level 1 _identify(.) by extension 'python_setup_py'
[0.087s] colcon.colcon_core.package_identification Level 1 _identify(build) by extensions ['ignore', 'ignore_ament_install']
[0.087s] colcon.colcon_core.package_identification Level 1 _identify(build) by extension 'ignore'
[0.087s] colcon.colcon_core.package_identification Level 1 _identify(build) ignored
[0.087s] colcon.colcon_core.package_identification Level 1 _identify(install) by extensions ['ignore', 'ignore_ament_install']
[0.087s] colcon.colcon_core.package_identification Level 1 _identify(install) by extension 'ignore'
[0.087s] colcon.colcon_core.package_identification Level 1 _identify(install) ignored
[0.087s] colcon.colcon_core.package_identification Level 1 _identify(log) by extensions ['ignore', 'ignore_ament_install']
[0.087s] colcon.colcon_core.package_identification Level 1 _identify(log) by extension 'ignore'
[0.087s] colcon.colcon_core.package_identification Level 1 _identify(log) ignored
[0.087s] colcon.colcon_core.package_identification Level 1 _identify(src) by extensions ['ignore', 'ignore_ament_install']
[0.087s] colcon.colcon_core.package_identification Level 1 _identify(src) by extension 'ignore'
[0.088s] colcon.colcon_core.package_identification Level 1 _identify(src) by extension 'ignore_ament_install'
[0.088s] colcon.colcon_core.package_identification Level 1 _identify(src) by extensions ['colcon_pkg']
[0.088s] colcon.colcon_core.package_identification Level 1 _identify(src) by extension 'colcon_pkg'
[0.088s] colcon.colcon_core.package_identification Level 1 _identify(src) by extensions ['colcon_meta']
[0.088s] colcon.colcon_core.package_identification Level 1 _identify(src) by extension 'colcon_meta'
[0.088s] colcon.colcon_core.package_identification Level 1 _identify(src) by extensions ['ros']
[0.088s] colcon.colcon_core.package_identification Level 1 _identify(src) by extension 'ros'
[0.088s] colcon.colcon_core.package_identification Level 1 _identify(src) by extensions ['cmake', 'python']
[0.088s] colcon.colcon_core.package_identification Level 1 _identify(src) by extension 'cmake'
[0.088s] colcon.colcon_core.package_identification Level 1 _identify(src) by extension 'python'
[0.088s] colcon.colcon_core.package_identification Level 1 _identify(src) by extensions ['python_setup_py']
[0.088s] colcon.colcon_core.package_identification Level 1 _identify(src) by extension 'python_setup_py'
[0.088s] colcon.colcon_core.package_identification Level 1 _identify(src/go2_mapping) by extensions ['ignore', 'ignore_ament_install']
[0.088s] colcon.colcon_core.package_identification Level 1 _identify(src/go2_mapping) by extension 'ignore'
[0.088s] colcon.colcon_core.package_identification Level 1 _identify(src/go2_mapping) by extension 'ignore_ament_install'
[0.088s] colcon.colcon_core.package_identification Level 1 _identify(src/go2_mapping) by extensions ['colcon_pkg']
[0.088s] colcon.colcon_core.package_identification Level 1 _identify(src/go2_mapping) by extension 'colcon_pkg'
[0.088s] colcon.colcon_core.package_identification Level 1 _identify(src/go2_mapping) by extensions ['colcon_meta']
[0.088s] colcon.colcon_core.package_identification Level 1 _identify(src/go2_mapping) by extension 'colcon_meta'
[0.088s] colcon.colcon_core.package_identification Level 1 _identify(src/go2_mapping) by extensions ['ros']
[0.088s] colcon.colcon_core.package_identification Level 1 _identify(src/go2_mapping) by extension 'ros'
[0.089s] colcon.colcon_core.package_identification DEBUG Package 'src/go2_mapping' with type 'ros.ament_python' and name 'go2_mapping'
[0.089s] colcon.colcon_core.package_discovery Level 1 discover_packages(recursive) using defaults
[0.089s] colcon.colcon_core.package_discovery Level 1 discover_packages(ignore) discover
[0.089s] colcon.colcon_core.package_discovery Level 1 discover_packages(ignore) using defaults
[0.089s] colcon.colcon_core.package_discovery Level 1 discover_packages(path) discover
[0.089s] colcon.colcon_core.package_discovery Level 1 discover_packages(path) using defaults
[0.097s] colcon.colcon_core.package_discovery Level 1 discover_packages(prefix_path) check parameters
[0.097s] colcon.colcon_core.package_discovery Level 1 discover_packages(prefix_path) discover
[0.098s] colcon.colcon_installed_package_information.package_discovery DEBUG Found 8 installed packages in /home/cvr/Desktop/sj/go2_ws/install
[0.099s] colcon.colcon_installed_package_information.package_discovery DEBUG Found 475 installed packages in /opt/ros/humble
[0.100s] colcon.colcon_core.package_discovery Level 1 discover_packages(prefix_path) using defaults
[0.130s] colcon.colcon_core.verb Level 5 set package 'go2_mapping' build argument 'cmake_args' from command line to 'None'
[0.130s] colcon.colcon_core.verb Level 5 set package 'go2_mapping' build argument 'cmake_target' from command line to 'None'
[0.130s] colcon.colcon_core.verb Level 5 set package 'go2_mapping' build argument 'cmake_target_skip_unavailable' from command line to 'False'
[0.130s] colcon.colcon_core.verb Level 5 set package 'go2_mapping' build argument 'cmake_clean_cache' from command line to 'False'
[0.130s] colcon.colcon_core.verb Level 5 set package 'go2_mapping' build argument 'cmake_clean_first' from command line to 'False'
[0.130s] colcon.colcon_core.verb Level 5 set package 'go2_mapping' build argument 'cmake_force_configure' from command line to 'False'
[0.130s] colcon.colcon_core.verb Level 5 set package 'go2_mapping' build argument 'ament_cmake_args' from command line to 'None'
[0.130s] colcon.colcon_core.verb Level 5 set package 'go2_mapping' build argument 'catkin_cmake_args' from command line to 'None'
[0.130s] colcon.colcon_core.verb Level 5 set package 'go2_mapping' build argument 'catkin_skip_building_tests' from command line to 'False'
[0.130s] colcon.colcon_core.verb DEBUG Building package 'go2_mapping' with the following arguments: {'ament_cmake_args': None, 'build_base': '/home/cvr/Desktop/sj/Go2_lidar_rtab/build/go2_mapping', 'catkin_cmake_args': None, 'catkin_skip_building_tests': False, 'cmake_args': None, 'cmake_clean_cache': False, 'cmake_clean_first': False, 'cmake_force_configure': False, 'cmake_target': None, 'cmake_target_skip_unavailable': False, 'install_base': '/home/cvr/Desktop/sj/Go2_lidar_rtab/install/go2_mapping', 'merge_install': False, 'path': '/home/cvr/Desktop/sj/Go2_lidar_rtab/src/go2_mapping', 'symlink_install': False, 'test_result_base': None}
[0.130s] colcon.colcon_core.executor INFO Executing jobs using 'parallel' executor
[0.131s] colcon.colcon_parallel_executor.executor.parallel DEBUG run_until_complete
[0.131s] colcon.colcon_ros.task.ament_python.build INFO Building ROS package in '/home/cvr/Desktop/sj/Go2_lidar_rtab/src/go2_mapping' with build type 'ament_python'
[0.131s] colcon.colcon_core.shell Level 1 create_environment_hook('go2_mapping', 'ament_prefix_path')
[0.132s] colcon.colcon_core.plugin_system INFO Skipping extension 'colcon_core.shell.bat': Not used on non-Windows systems
[0.132s] colcon.colcon_core.shell INFO Creating environment hook '/home/cvr/Desktop/sj/Go2_lidar_rtab/install/go2_mapping/share/go2_mapping/hook/ament_prefix_path.ps1'
[0.132s] colcon.colcon_core.shell INFO Creating environment descriptor '/home/cvr/Desktop/sj/Go2_lidar_rtab/install/go2_mapping/share/go2_mapping/hook/ament_prefix_path.dsv'
[0.133s] colcon.colcon_core.shell INFO Creating environment hook '/home/cvr/Desktop/sj/Go2_lidar_rtab/install/go2_mapping/share/go2_mapping/hook/ament_prefix_path.sh'
[0.133s] colcon.colcon_core.shell INFO Skip shell extension 'powershell' for command environment: Not usable outside of PowerShell
[0.133s] colcon.colcon_core.shell DEBUG Skip shell extension 'dsv' for command environment
[0.240s] colcon.colcon_core.task.python.build INFO Building Python package in '/home/cvr/Desktop/sj/Go2_lidar_rtab/src/go2_mapping'
[0.241s] colcon.colcon_core.shell INFO Skip shell extension 'powershell' for command environment: Not usable outside of PowerShell
[0.241s] colcon.colcon_core.shell DEBUG Skip shell extension 'dsv' for command environment
[0.513s] colcon.colcon_core.event_handler.log_command DEBUG Invoking command in '/home/cvr/Desktop/sj/Go2_lidar_rtab/src/go2_mapping': PYTHONPATH=/home/cvr/Desktop/sj/Go2_lidar_rtab/build/go2_mapping/prefix_override:/usr/lib/python3/dist-packages/colcon_core/task/python/colcon_distutils_commands:/home/cvr/Desktop/sj/Go2_lidar_rtab/install/go2_mapping/lib/python3.10/site-packages:${PYTHONPATH} /usr/bin/python3 -W ignore:setup.py install is deprecated -W ignore:easy_install command is deprecated setup.py egg_info --egg-base ../../build/go2_mapping build --build-base /home/cvr/Desktop/sj/Go2_lidar_rtab/build/go2_mapping/build install --record /home/cvr/Desktop/sj/Go2_lidar_rtab/build/go2_mapping/install.log --single-version-externally-managed install_data
[0.775s] colcon.colcon_core.event_handler.log_command DEBUG Invoked command in '/home/cvr/Desktop/sj/Go2_lidar_rtab/src/go2_mapping' returned '0': PYTHONPATH=/home/cvr/Desktop/sj/Go2_lidar_rtab/build/go2_mapping/prefix_override:/usr/lib/python3/dist-packages/colcon_core/task/python/colcon_distutils_commands:/home/cvr/Desktop/sj/Go2_lidar_rtab/install/go2_mapping/lib/python3.10/site-packages:${PYTHONPATH} /usr/bin/python3 -W ignore:setup.py install is deprecated -W ignore:easy_install command is deprecated setup.py egg_info --egg-base ../../build/go2_mapping build --build-base /home/cvr/Desktop/sj/Go2_lidar_rtab/build/go2_mapping/build install --record /home/cvr/Desktop/sj/Go2_lidar_rtab/build/go2_mapping/install.log --single-version-externally-managed install_data
[0.775s] colcon.colcon_core.environment Level 1 checking '/home/cvr/Desktop/sj/Go2_lidar_rtab/install/go2_mapping' for CMake module files
[0.776s] colcon.colcon_core.environment Level 1 checking '/home/cvr/Desktop/sj/Go2_lidar_rtab/install/go2_mapping' for CMake config files
[0.776s] colcon.colcon_core.environment Level 1 checking '/home/cvr/Desktop/sj/Go2_lidar_rtab/install/go2_mapping/lib'
[0.776s] colcon.colcon_core.environment Level 1 checking '/home/cvr/Desktop/sj/Go2_lidar_rtab/install/go2_mapping/bin'
[0.776s] colcon.colcon_core.environment Level 1 checking '/home/cvr/Desktop/sj/Go2_lidar_rtab/install/go2_mapping/lib/pkgconfig/go2_mapping.pc'
[0.776s] colcon.colcon_core.environment Level 1 checking '/home/cvr/Desktop/sj/Go2_lidar_rtab/install/go2_mapping/lib/python3.10/site-packages'
[0.776s] colcon.colcon_core.shell Level 1 create_environment_hook('go2_mapping', 'pythonpath')
[0.776s] colcon.colcon_core.shell INFO Creating environment hook '/home/cvr/Desktop/sj/Go2_lidar_rtab/install/go2_mapping/share/go2_mapping/hook/pythonpath.ps1'
[0.777s] colcon.colcon_core.shell INFO Creating environment descriptor '/home/cvr/Desktop/sj/Go2_lidar_rtab/install/go2_mapping/share/go2_mapping/hook/pythonpath.dsv'
[0.777s] colcon.colcon_core.shell INFO Creating environment hook '/home/cvr/Desktop/sj/Go2_lidar_rtab/install/go2_mapping/share/go2_mapping/hook/pythonpath.sh'
[0.777s] colcon.colcon_core.environment Level 1 checking '/home/cvr/Desktop/sj/Go2_lidar_rtab/install/go2_mapping/bin'
[0.777s] colcon.colcon_core.environment Level 1 create_environment_scripts_only(go2_mapping)
[0.777s] colcon.colcon_core.shell INFO Creating package script '/home/cvr/Desktop/sj/Go2_lidar_rtab/install/go2_mapping/share/go2_mapping/package.ps1'
[0.778s] colcon.colcon_core.shell INFO Creating package descriptor '/home/cvr/Desktop/sj/Go2_lidar_rtab/install/go2_mapping/share/go2_mapping/package.dsv'
[0.778s] colcon.colcon_core.shell INFO Creating package script '/home/cvr/Desktop/sj/Go2_lidar_rtab/install/go2_mapping/share/go2_mapping/package.sh'
[0.778s] colcon.colcon_core.shell INFO Creating package script '/home/cvr/Desktop/sj/Go2_lidar_rtab/install/go2_mapping/share/go2_mapping/package.bash'
[0.778s] colcon.colcon_core.shell INFO Creating package script '/home/cvr/Desktop/sj/Go2_lidar_rtab/install/go2_mapping/share/go2_mapping/package.zsh'
[0.779s] colcon.colcon_core.environment Level 1 create_file_with_runtime_dependencies(/home/cvr/Desktop/sj/Go2_lidar_rtab/install/go2_mapping/share/colcon-core/packages/go2_mapping)
[0.779s] colcon.colcon_parallel_executor.executor.parallel DEBUG closing loop
[0.779s] colcon.colcon_parallel_executor.executor.parallel DEBUG loop closed
[0.779s] colcon.colcon_parallel_executor.executor.parallel DEBUG run_until_complete finished with '0'
[0.779s] colcon.colcon_core.event_reactor DEBUG joining thread
[0.781s] colcon.colcon_core.plugin_system INFO Skipping extension 'colcon_notification.desktop_notification.terminal_notifier': Not used on non-Darwin systems
[0.781s] colcon.colcon_core.plugin_system INFO Skipping extension 'colcon_notification.desktop_notification.win32': Not used on non-Windows systems
[0.781s] colcon.colcon_notification.desktop_notification INFO Sending desktop notification using 'notify2'
[0.788s] colcon.colcon_core.event_reactor DEBUG joined thread
[0.788s] colcon.colcon_core.shell INFO Creating prefix script '/home/cvr/Desktop/sj/Go2_lidar_rtab/install/local_setup.ps1'
[0.788s] colcon.colcon_core.shell INFO Creating prefix util module '/home/cvr/Desktop/sj/Go2_lidar_rtab/install/_local_setup_util_ps1.py'
[0.789s] colcon.colcon_core.shell INFO Creating prefix chain script '/home/cvr/Desktop/sj/Go2_lidar_rtab/install/setup.ps1'
[0.790s] colcon.colcon_core.shell INFO Creating prefix script '/home/cvr/Desktop/sj/Go2_lidar_rtab/install/local_setup.sh'
[0.790s] colcon.colcon_core.shell INFO Creating prefix util module '/home/cvr/Desktop/sj/Go2_lidar_rtab/install/_local_setup_util_sh.py'
[0.790s] colcon.colcon_core.shell INFO Creating prefix chain script '/home/cvr/Desktop/sj/Go2_lidar_rtab/install/setup.sh'
[0.791s] colcon.colcon_core.shell INFO Creating prefix script '/home/cvr/Desktop/sj/Go2_lidar_rtab/install/local_setup.bash'
[0.791s] colcon.colcon_core.shell INFO Creating prefix chain script '/home/cvr/Desktop/sj/Go2_lidar_rtab/install/setup.bash'
[0.791s] colcon.colcon_core.shell INFO Creating prefix script '/home/cvr/Desktop/sj/Go2_lidar_rtab/install/local_setup.zsh'
[0.792s] colcon.colcon_core.shell INFO Creating prefix chain script '/home/cvr/Desktop/sj/Go2_lidar_rtab/install/setup.zsh'
